<?xml version="1.0" encoding="UTF-8"?>
<!-- Generated by org.testng.reporters.JUnitReportReporter -->
<testsuite hostname="NileshPC" failures="0" tests="3" name="testngintro4GroupingDependenciesMethod.SignupTest" time="0.009" errors="0" timestamp="2024-07-09T22:34:20 IST" skipped="0">
  <testcase classname="testngintro4GroupingDependenciesMethod.SignupTest" name="signupbyemail" time="0.007"/>
  <testcase classname="testngintro4GroupingDependenciesMethod.SignupTest" name="signupbyfacebook" time="0.001"/>
  <testcase classname="testngintro4GroupingDependenciesMethod.SignupTest" name="signupbytwitter" time="0.001"/>
</testsuite> <!-- testngintro4GroupingDependenciesMethod.SignupTest -->
