<?xml version="1.0" encoding="UTF-8"?>
<!-- Generated by org.testng.reporters.JUnitReportReporter -->
<testsuite hostname="NileshPC" failures="0" tests="2" name="testngintro2_1.C1" time="0.008" errors="0" timestamp="2024-07-07T14:59:08 IST" skipped="0">
  <testcase classname="testngintro2_1.C1" name="abc" time="0.006"/>
  <testcase classname="testngintro2_1.C1" name="abc" time="0.002"/>
</testsuite> <!-- testngintro2_1.C1 -->
