<?xml version="1.0" encoding="UTF-8"?>
<!-- Generated by org.testng.reporters.JUnitReportReporter -->
<testsuite hostname="NileshPC" failures="0" tests="9" name="testngintro6parelleltesting.ParamTest" time="0.370" errors="0" timestamp="2024-07-10T23:29:39 IST" skipped="0">
  <testcase classname="testngintro6parelleltesting.ParamTest" name="testLogo" time="0.100"/>
  <testcase classname="testngintro6parelleltesting.ParamTest" name="testLogo" time="0.080"/>
  <testcase classname="testngintro6parelleltesting.ParamTest" name="testLogo" time="0.045"/>
  <testcase classname="testngintro6parelleltesting.ParamTest" name="testTitle" time="0.027"/>
  <testcase classname="testngintro6parelleltesting.ParamTest" name="testTitle" time="0.029"/>
  <testcase classname="testngintro6parelleltesting.ParamTest" name="testTitle" time="0.022"/>
  <testcase classname="testngintro6parelleltesting.ParamTest" name="testURL" time="0.010"/>
  <testcase classname="testngintro6parelleltesting.ParamTest" name="testURL" time="0.036"/>
  <testcase classname="testngintro6parelleltesting.ParamTest" name="testURL" time="0.021"/>
</testsuite> <!-- testngintro6parelleltesting.ParamTest -->
