<?xml version="1.0" encoding="UTF-8"?>
<!-- Generated by org.testng.reporters.JUnitReportReporter -->
<testsuite hostname="NileshPC" failures="0" tests="2" name="testngintro2.AnnotionsDemo2" time="0.009" errors="0" timestamp="2024-07-07T13:47:38 IST" skipped="0">
  <testcase classname="testngintro2.AnnotionsDemo2" name="search" time="0.007"/>
  <testcase classname="testngintro2.AnnotionsDemo2" name="advancesearch" time="0.002"/>
</testsuite> <!-- testngintro2.AnnotionsDemo2 -->
