<?xml version="1.0" encoding="UTF-8"?>
<!-- Generated by org.testng.reporters.JUnitReportReporter -->
<testsuite hostname="NileshPC" failures="0" tests="1" name="pageobjectmodeldesignpattern2withfactorymethod.LoginTest1" time="1.678" errors="0" timestamp="2024-07-25T20:26:21 IST" skipped="0">
  <testcase classname="pageobjectmodeldesignpattern2withfactorymethod.LoginTest1" name="testLogin" time="1.678"/>
</testsuite> <!-- pageobjectmodeldesignpattern2withfactorymethod.LoginTest1 -->
