<?xml version="1.0" encoding="UTF-8"?>
<!-- Generated by org.testng.reporters.JUnitReportReporter -->
<testsuite hostname="NileshPC" failures="0" tests="2" name="testngintro4GroupingDependenciesMethod.PaymentTests" time="0.011" errors="0" timestamp="2024-07-09T22:55:29 IST" skipped="0">
  <testcase classname="testngintro4GroupingDependenciesMethod.PaymentTests" name="paymentinRupees" time="0.009"/>
  <testcase classname="testngintro4GroupingDependenciesMethod.PaymentTests" name="paymentinDollars" time="0.002"/>
</testsuite> <!-- testngintro4GroupingDependenciesMethod.PaymentTests -->
