<?xml version="1.0" encoding="UTF-8"?>
<!-- Generated by org.testng.reporters.JUnitReportReporter -->
<testsuite hostname="NileshPC" failures="0" tests="1" name="testng.MyfirstTC" time="0.011" errors="0" timestamp="2024-07-06T15:51:20 IST" skipped="0">
  <testcase classname="testng.MyfirstTC" name="openapp" time="0.011"/>
</testsuite> <!-- testng.MyfirstTC -->
