<?xml version="1.0" encoding="UTF-8"?>
<!-- Generated by org.testng.reporters.JUnitReportReporter -->
<testsuite hostname="NileshPC" failures="0" tests="2" name="testngintro2_2.AllAnnotionations" time="0.012" errors="0" timestamp="2024-07-08T11:15:31 IST" skipped="0">
  <testcase classname="testngintro2_2.AllAnnotionations" name="tm1" time="0.009"/>
  <testcase classname="testngintro2_2.AllAnnotionations" name="tm2" time="0.003"/>
</testsuite> <!-- testngintro2_2.AllAnnotionations -->
