<?xml version="1.0" encoding="UTF-8"?>
<!-- Generated by org.testng.reporters.JUnitReportReporter -->
<testsuite hostname="NileshPC" failures="0" tests="3" name="testngintro4GroupingDependenciesMethod.LoginTests" time="0.009" errors="0" timestamp="2024-07-09T22:44:39 IST" skipped="0">
  <testcase classname="testngintro4GroupingDependenciesMethod.LoginTests" name="loginByEmail" time="0.007"/>
  <testcase classname="testngintro4GroupingDependenciesMethod.LoginTests" name="loginByFacebook" time="0.001"/>
  <testcase classname="testngintro4GroupingDependenciesMethod.LoginTests" name="loginByTwitter" time="0.001"/>
</testsuite> <!-- testngintro4GroupingDependenciesMethod.LoginTests -->
