<?xml version="1.0" encoding="UTF-8"?>
<!-- Generated by org.testng.reporters.JUnitReportReporter -->
<testsuite hostname="NileshPC" failures="0" tests="4" name="testng.OrangeHRM" time="12.063" errors="0" timestamp="2024-07-06T15:49:13 IST" skipped="0">
  <testcase classname="testng.OrangeHRM" name="openapp" time="6.064"/>
  <testcase classname="testng.OrangeHRM" name="testLogo" time="5.079"/>
  <testcase classname="testng.OrangeHRM" name="testLogin" time="0.329"/>
  <testcase classname="testng.OrangeHRM" name="closeApp" time="0.591"/>
</testsuite> <!-- testng.OrangeHRM -->
