<?xml version="1.0" encoding="UTF-8"?>
<!-- Generated by org.testng.reporters.JUnitReportReporter -->
<testsuite hostname="NileshPC" failures="0" tests="1" name="testngintro3assertion.HardVsSoftAssertions" time="0.012" errors="0" timestamp="2024-07-08T12:33:46 IST" skipped="0">
  <testcase classname="testngintro3assertion.HardVsSoftAssertions" name="test_softassertion" time="0.012"/>
</testsuite> <!-- testngintro3assertion.HardVsSoftAssertions -->
