<?xml version="1.0" encoding="UTF-8"?>
<!-- Generated by org.testng.reporters.JUnitReportReporter -->
<testsuite hostname="NileshPC" failures="0" tests="2" name="testngintro2.AnnotionsDemo1" time="0.021" errors="0" timestamp="2024-07-07T13:36:16 IST" skipped="0">
  <testcase classname="testngintro2.AnnotionsDemo1" name="search" time="0.003"/>
  <testcase classname="testngintro2.AnnotionsDemo1" name="advancesearch" time="0.018"/>
</testsuite> <!-- testngintro2.AnnotionsDemo1 -->
