<?xml version="1.0" encoding="UTF-8"?>
<!-- Generated by org.testng.reporters.JUnitReportReporter -->
<testsuite hostname="NileshPC" failures="0" tests="2" name="testngintro2_1.C2" time="0.003" errors="0" timestamp="2024-07-07T14:59:08 IST" skipped="0">
  <testcase classname="testngintro2_1.C2" name="xyz" time="0.002"/>
  <testcase classname="testngintro2_1.C2" name="xyz" time="0.001"/>
</testsuite> <!-- testngintro2_1.C2 -->
